  main.cpp
F:\Users\David\Documents\VS Repos\Super Breakout\Super Breakout\main.cpp(43,73): warning C4305: 'initializing': truncation from 'double' to 'float'
F:\Users\David\Documents\VS Repos\Super Breakout\Super Breakout\main.cpp(45,80): warning C4305: 'initializing': truncation from 'double' to 'float'
F:\Users\David\Documents\VS Repos\Super Breakout\Super Breakout\main.cpp(251,27): warning C4244: '=': conversion from 'Sint32' to 'float', possible loss of data
F:\Users\David\Documents\VS Repos\Super Breakout\Super Breakout\main.cpp(252,24): warning C4244: '=': conversion from 'double' to 'float', possible loss of data
F:\Users\David\Documents\VS Repos\Super Breakout\Super Breakout\main.cpp(330,24): warning C4244: '=': conversion from 'Uint32' to 'float', possible loss of data
F:\Users\David\Documents\VS Repos\Super Breakout\Super Breakout\main.cpp(383,25): warning C4244: '=': conversion from 'Uint32' to 'float', possible loss of data
F:\Users\David\Documents\VS Repos\Super Breakout\Super Breakout\main.cpp(400,20): warning C4244: '=': conversion from 'Uint32' to 'float', possible loss of data
F:\Users\David\Documents\VS Repos\Super Breakout\Super Breakout\main.cpp(433,16): warning C4244: '=': conversion from 'float' to 'int', possible loss of data
F:\Users\David\Documents\VS Repos\Super Breakout\Super Breakout\main.cpp(434,16): warning C4244: '=': conversion from 'float' to 'int', possible loss of data
F:\Users\David\Documents\VS Repos\Super Breakout\Super Breakout\main.cpp(435,16): warning C4244: '=': conversion from 'double' to 'int', possible loss of data
F:\Users\David\Documents\VS Repos\Super Breakout\Super Breakout\main.cpp(436,16): warning C4244: '=': conversion from 'double' to 'int', possible loss of data
F:\Users\David\Documents\VS Repos\Super Breakout\Super Breakout\main.cpp(451,17): warning C4244: '=': conversion from 'double' to 'int', possible loss of data
F:\Users\David\Documents\VS Repos\Super Breakout\Super Breakout\main.cpp(452,16): warning C4244: '=': conversion from 'double' to 'int', possible loss of data
F:\Users\David\Documents\VS Repos\Super Breakout\Super Breakout\main.cpp(453,17): warning C4244: '=': conversion from 'double' to 'int', possible loss of data
F:\Users\David\Documents\VS Repos\Super Breakout\Super Breakout\main.cpp(454,16): warning C4244: '=': conversion from 'double' to 'int', possible loss of data
F:\Users\David\Documents\VS Repos\Super Breakout\Super Breakout\main.cpp(462,39): warning C4244: '=': conversion from 'double' to 'int', possible loss of data
F:\Users\David\Documents\VS Repos\Super Breakout\Super Breakout\main.cpp(463,102): warning C4244: '=': conversion from 'float' to 'int', possible loss of data
F:\Users\David\Documents\VS Repos\Super Breakout\Super Breakout\main.cpp(464,21): warning C4244: '=': conversion from 'float' to 'int', possible loss of data
F:\Users\David\Documents\VS Repos\Super Breakout\Super Breakout\main.cpp(465,62): warning C4244: '=': conversion from 'double' to 'int', possible loss of data
F:\Users\David\Documents\VS Repos\Super Breakout\Super Breakout\main.cpp(469,34): warning C4244: '=': conversion from 'double' to 'int', possible loss of data
F:\Users\David\Documents\VS Repos\Super Breakout\Super Breakout\main.cpp(470,50): warning C4244: '=': conversion from 'double' to 'int', possible loss of data
F:\Users\David\Documents\VS Repos\Super Breakout\Super Breakout\main.cpp(471,18): warning C4244: '=': conversion from 'float' to 'int', possible loss of data
F:\Users\David\Documents\VS Repos\Super Breakout\Super Breakout\main.cpp(472,18): warning C4244: '=': conversion from 'float' to 'int', possible loss of data
F:\Users\David\Documents\VS Repos\Super Breakout\Super Breakout\main.cpp(476,72): warning C4244: 'argument': conversion from 'int' to 'float', possible loss of data
F:\Users\David\Documents\VS Repos\Super Breakout\Super Breakout\main.cpp(476,206): warning C4244: 'argument': conversion from 'float' to 'int', possible loss of data
F:\Users\David\Documents\VS Repos\Super Breakout\Super Breakout\main.cpp(476,178): warning C4244: 'argument': conversion from 'float' to 'int', possible loss of data
F:\Users\David\Documents\VS Repos\Super Breakout\Super Breakout\main.cpp(476,142): warning C4244: 'argument': conversion from 'float' to 'int', possible loss of data
F:\Users\David\Documents\VS Repos\Super Breakout\Super Breakout\main.cpp(476,113): warning C4244: 'argument': conversion from 'float' to 'int', possible loss of data
F:\Users\David\Documents\VS Repos\Super Breakout\Super Breakout\main.cpp(478,185): warning C4244: 'argument': conversion from 'float' to 'int', possible loss of data
F:\Users\David\Documents\VS Repos\Super Breakout\Super Breakout\main.cpp(478,157): warning C4244: 'argument': conversion from 'float' to 'int', possible loss of data
F:\Users\David\Documents\VS Repos\Super Breakout\Super Breakout\main.cpp(478,121): warning C4244: 'argument': conversion from 'float' to 'int', possible loss of data
F:\Users\David\Documents\VS Repos\Super Breakout\Super Breakout\main.cpp(478,92): warning C4244: 'argument': conversion from 'float' to 'int', possible loss of data
  Super Breakout.vcxproj -> F:\Users\David\Documents\VS Repos\Super Breakout\x64\Debug\Super Breakout.exe
